<?xml version="1.0"?><coverage lines-covered="0" lines-valid="0" line-rate="NaN" branches-covered="0" branches-valid="0" branch-rate="0" complexity="0" version="1.9" timestamp="1683647944"><sources><source>/home/uskrai/project/tugas/pabw/server</source></sources><packages><package name="src/api" line-rate="0" branch-rate="0" complexity="0"><classes></classes></package><package name="src/api/v1" line-rate="0" branch-rate="0" complexity="0"><classes></classes></package><package name="src" line-rate="0" branch-rate="0" complexity="0"><classes></classes></package></packages></coverage>